0 info it worked if it ends with ok
1 verbose cli [ 'node', '/usr/local/bin/npm', 'install', '-g', 'homebrew' ]
2 info using npm@2.10.1
3 info using node@v0.12.4
4 verbose install initial load of /usr/local/lib/package.json
5 verbose readDependencies loading dependencies from /usr/local/lib/package.json
6 silly cache add args [ 'homebrew', null ]
7 verbose cache add spec homebrew
8 silly cache add parsed spec { raw: 'homebrew',
8 silly cache add   scope: null,
8 silly cache add   name: 'homebrew',
8 silly cache add   rawSpec: '',
8 silly cache add   spec: '*',
8 silly cache add   type: 'range' }
9 silly addNamed homebrew@*
10 verbose addNamed "*" is a valid semver range for homebrew
11 silly addNameRange { name: 'homebrew', range: '*', hasData: false }
12 silly mapToRegistry name homebrew
13 silly mapToRegistry using default registry
14 silly mapToRegistry registry https://registry.npmjs.org/
15 silly mapToRegistry uri https://registry.npmjs.org/homebrew
16 verbose addNameRange registry:https://registry.npmjs.org/homebrew not in flight; fetching
17 verbose request uri https://registry.npmjs.org/homebrew
18 verbose request no auth needed
19 info attempt registry request try #1 at 6:53:37 PM
20 verbose request id b23f940a374c50f2
21 http request GET https://registry.npmjs.org/homebrew
22 http 200 https://registry.npmjs.org/homebrew
23 silly get cb [ 200,
23 silly get   { server: 'CouchDB/1.5.0 (Erlang OTP/R16B03)',
23 silly get     etag: '"ARZPZ5S1AXJ9T8R2LS1B3G8JG"',
23 silly get     'content-type': 'application/json',
23 silly get     'cache-control': 'max-age=60',
23 silly get     'content-length': '4070',
23 silly get     'accept-ranges': 'bytes',
23 silly get     date: 'Mon, 12 Oct 2015 22:53:37 GMT',
23 silly get     via: '1.1 varnish',
23 silly get     age: '0',
23 silly get     connection: 'keep-alive',
23 silly get     'x-served-by': 'cache-jfk1023-JFK',
23 silly get     'x-cache': 'MISS',
23 silly get     'x-cache-hits': '0',
23 silly get     'x-timer': 'S1444690417.850901,VS0,VE97',
23 silly get     vary: 'Accept' } ]
24 verbose get saving homebrew to /Users/cscholberg/.npm/registry.npmjs.org/homebrew/.cache.json
25 silly addNameRange number 2 { name: 'homebrew', range: '*', hasData: true }
26 silly addNameRange versions [ 'homebrew', [ '0.0.0', '0.0.1', '0.0.2', '0.1.0' ] ]
27 silly addNamed homebrew@0.1.0
28 verbose addNamed "0.1.0" is a plain semver version for homebrew
29 silly mapToRegistry name homebrew
30 silly mapToRegistry using default registry
31 silly mapToRegistry registry https://registry.npmjs.org/
32 silly mapToRegistry uri https://registry.npmjs.org/homebrew
33 verbose addRemoteTarball https://registry.npmjs.org/homebrew/-/homebrew-0.1.0.tgz not in flight; adding
34 verbose addRemoteTarball [ 'https://registry.npmjs.org/homebrew/-/homebrew-0.1.0.tgz',
34 verbose addRemoteTarball   'cf898055ed935acf00da696a9078877f27c4ad57' ]
35 info retry fetch attempt 1 at 6:53:38 PM
36 info attempt registry request try #1 at 6:53:38 PM
37 http fetch GET https://registry.npmjs.org/homebrew/-/homebrew-0.1.0.tgz
38 http fetch 200 https://registry.npmjs.org/homebrew/-/homebrew-0.1.0.tgz
39 silly fetchAndShaCheck shasum cf898055ed935acf00da696a9078877f27c4ad57
40 verbose addTmpTarball /var/folders/83/x7xhdv0n7zj7bcpy6tvvqr_r0000gn/T/npm-14530-b9d59aba/registry.npmjs.org/homebrew/-/homebrew-0.1.0.tgz not in flight; adding
41 verbose addTmpTarball already have metadata; skipping unpack for homebrew@0.1.0
42 silly cache afterAdd homebrew@0.1.0
43 verbose afterAdd /Users/cscholberg/.npm/homebrew/0.1.0/package/package.json not in flight; writing
44 verbose afterAdd /Users/cscholberg/.npm/homebrew/0.1.0/package/package.json written
45 silly install resolved [ { name: 'homebrew',
45 silly install resolved     version: '0.1.0',
45 silly install resolved     description: 'The missing package manager for OS X',
45 silly install resolved     main: 'index.js',
45 silly install resolved     repository: { type: 'git', url: 'https://github.com/afc163/homebrew' },
45 silly install resolved     scripts: { postinstall: 'ruby -e "$(curl -fsSL https://raw.githubusercontent.com/Homebrew/install/master/install)"' },
45 silly install resolved     author: { name: 'afc163', email: 'afc163@gmail.com' },
45 silly install resolved     license: 'ISC',
45 silly install resolved     gitHead: '3586f725e4618187bcb18d2a8b2f45dd95731943',
45 silly install resolved     bugs: { url: 'https://github.com/afc163/homebrew/issues' },
45 silly install resolved     homepage: 'https://github.com/afc163/homebrew',
45 silly install resolved     _id: 'homebrew@0.1.0',
45 silly install resolved     _shasum: 'cf898055ed935acf00da696a9078877f27c4ad57',
45 silly install resolved     _from: 'homebrew@*',
45 silly install resolved     _npmVersion: '2.5.1',
45 silly install resolved     _nodeVersion: '0.12.0',
45 silly install resolved     _npmUser: { name: 'afc163', email: 'afc163@gmail.com' },
45 silly install resolved     maintainers: [ [Object] ],
45 silly install resolved     dist:
45 silly install resolved      { shasum: 'cf898055ed935acf00da696a9078877f27c4ad57',
45 silly install resolved        tarball: 'http://registry.npmjs.org/homebrew/-/homebrew-0.1.0.tgz' },
45 silly install resolved     directories: {},
45 silly install resolved     _resolved: 'https://registry.npmjs.org/homebrew/-/homebrew-0.1.0.tgz' } ]
46 info install homebrew@0.1.0 into /usr/local/lib
47 info installOne homebrew@0.1.0
48 verbose installOne of homebrew to /usr/local/lib not in flight; installing
49 verbose lock using /Users/cscholberg/.npm/_locks/homebrew-607fd741d2bdee87.lock for /usr/local/lib/node_modules/homebrew
50 silly install write writing homebrew 0.1.0 to /usr/local/lib/node_modules/homebrew
51 verbose unbuild lib/node_modules/homebrew
52 silly gentlyRm /usr/local/lib/node_modules/homebrew is being purged from base /usr/local
53 verbose gentlyRm don't care about contents; nuking /usr/local/lib/node_modules/homebrew
54 verbose tar unpack /Users/cscholberg/.npm/homebrew/0.1.0/package.tgz
55 verbose tar unpacking to /usr/local/lib/node_modules/homebrew
56 silly gentlyRm /usr/local/lib/node_modules/homebrew is being purged
57 verbose gentlyRm don't care about contents; nuking /usr/local/lib/node_modules/homebrew
58 silly gunzTarPerm modes [ '755', '644' ]
59 silly gunzTarPerm extractEntry package.json
60 silly gunzTarPerm extractEntry README.md
61 verbose write writing to /usr/local/lib/node_modules/homebrew/package.json
62 info preinstall homebrew@0.1.0
63 verbose readDependencies loading dependencies from /usr/local/lib/node_modules/homebrew/package.json
64 verbose readDependencies loading dependencies from /usr/local/lib/node_modules/homebrew/package.json
65 silly install resolved []
66 verbose about to build /usr/local/lib/node_modules/homebrew
67 info build /usr/local/lib/node_modules/homebrew
68 info linkStuff homebrew@0.1.0
69 silly linkStuff homebrew@0.1.0 has /usr/local/lib/node_modules as its parent node_modules
70 silly linkStuff homebrew@0.1.0 is part of a global install
71 silly linkStuff homebrew@0.1.0 is installed into a global node_modules
72 silly linkStuff homebrew@0.1.0 is installed into the top-level global node_modules
73 verbose linkBins homebrew@0.1.0
74 verbose linkMans homebrew@0.1.0
75 verbose rebuildBundles homebrew@0.1.0
76 info install homebrew@0.1.0
77 info postinstall homebrew@0.1.0
78 verbose unsafe-perm in lifecycle true
79 info homebrew@0.1.0 Failed to exec postinstall script
80 verbose unlock done using /Users/cscholberg/.npm/_locks/homebrew-607fd741d2bdee87.lock for /usr/local/lib/node_modules/homebrew
81 verbose stack Error: homebrew@0.1.0 postinstall: `ruby -e "$(curl -fsSL https://raw.githubusercontent.com/Homebrew/install/master/install)"`
81 verbose stack Exit status 1
81 verbose stack     at EventEmitter.<anonymous> (/usr/local/lib/node_modules/npm/lib/utils/lifecycle.js:213:16)
81 verbose stack     at EventEmitter.emit (events.js:110:17)
81 verbose stack     at ChildProcess.<anonymous> (/usr/local/lib/node_modules/npm/lib/utils/spawn.js:24:14)
81 verbose stack     at ChildProcess.emit (events.js:110:17)
81 verbose stack     at maybeClose (child_process.js:1015:16)
81 verbose stack     at Process.ChildProcess._handle.onexit (child_process.js:1087:5)
82 verbose pkgid homebrew@0.1.0
83 verbose cwd /Users/cscholberg/Dafa
84 error Darwin 14.5.0
85 error argv "node" "/usr/local/bin/npm" "install" "-g" "homebrew"
86 error node v0.12.4
87 error npm  v2.10.1
88 error code ELIFECYCLE
89 error homebrew@0.1.0 postinstall: `ruby -e "$(curl -fsSL https://raw.githubusercontent.com/Homebrew/install/master/install)"`
89 error Exit status 1
90 error Failed at the homebrew@0.1.0 postinstall script 'ruby -e "$(curl -fsSL https://raw.githubusercontent.com/Homebrew/install/master/install)"'.
90 error This is most likely a problem with the homebrew package,
90 error not with npm itself.
90 error Tell the author that this fails on your system:
90 error     ruby -e "$(curl -fsSL https://raw.githubusercontent.com/Homebrew/install/master/install)"
90 error You can get their info via:
90 error     npm owner ls homebrew
90 error There is likely additional logging output above.
91 verbose exit [ 1, true ]
92 verbose unbuild lib/node_modules/homebrew
93 info preuninstall homebrew@0.1.0
94 info uninstall homebrew@0.1.0
95 verbose unbuild rmStuff homebrew@0.1.0 from /usr/local/lib/node_modules
96 info postuninstall homebrew@0.1.0
97 silly gentlyRm /usr/local/lib/node_modules/homebrew is being purged from base /usr/local
98 verbose gentlyRm don't care about contents; nuking /usr/local/lib/node_modules/homebrew
99 silly vacuum-fs purging /usr/local/lib/node_modules/homebrew
100 silly vacuum-fs quitting because other entries in /usr/local/lib/node_modules
